This is pdfTeX, Version 3.141592653-2.6-1.40.27 (TeX Live 2025) (preloaded format=pdflatex 2025.11.28)  28 NOV 2025 21:20
entering extended mode
 restricted \write18 enabled.
 file:line:error style messages enabled.
 %&-line parsing enabled.
**sections/03_methodology.tex
(./sections/03_methodology.tex
LaTeX2e <2024-11-01> patch level 2
L3 programming layer <2025-01-18>
(/usr/local/texlive/2025/texmf-dist/tex/latex/subfiles/subfiles.cls
Document Class: subfiles 2020/11/14 v2.2 Multi-file projects (class)
Preamble taken from file `../main.tex'
(/usr/local/texlive/2025/texmf-dist/tex/latex/import/import.sty
Package: import 2020/04/01  v 6.2
)

! LaTeX Error: File `../main.tex' not found.

Type X to quit or <RETURN> to proceed,
or enter new name. (Default extension: tex)

Enter file name: 
/usr/local/texlive/2025/texmf-dist/tex/latex/subfiles/subfiles.cls:45: Emergenc
y stop.
<read *> 
         
l.45 \input{\preamble@file}
                           ^^M
*** (cannot \read from terminal in nonstop modes)

 
Here is how much of TeX's memory you used:
 75 strings out of 473190
 1717 string characters out of 5715799
 391984 words of memory out of 5000000
 23417 multiletter control sequences out of 15000+600000
 558837 words of font info for 36 fonts, out of 8000000 for 9000
 1141 hyphenation exceptions out of 8191
 42i,0n,55p,177b,18s stack positions out of 10000i,1000n,20000p,200000b,200000s
/usr/local/texlive/2025/texmf-dist/tex/latex/subfiles/subfiles.cls:45:  ==> Fat
al error occurred, no output PDF file produced!
