\BOOKMARK [1][-]{section.1}{\376\377\000R\000e\000l\000e\000v\000a\000n\000z\000-\000E\000i\000n\000o\000r\000d\000n\000u\000n\000g}{}% 1
\BOOKMARK [1][-]{section.2}{\376\377\000T\000h\000e\000o\000r\000e\000t\000i\000s\000c\000h\000e\000\040\000E\000i\000n\000b\000e\000t\000t\000u\000n\000g\000,\000\040\000F\000o\000r\000s\000c\000h\000u\000n\000g\000s\000f\000r\000a\000g\000e\000,\000\040\000H\000y\000p\000o\000t\000h\000e\000s\000e\000n\000\040\000u\000n\000d\000\040\000F\000o\000r\000s\000c\000h\000u\000n\000g\000s\000d\000e\000s\000i\000g\000n}{}% 2
\BOOKMARK [2][-]{subsection.2.1}{\376\377\000T\000h\000e\000o\000r\000e\000t\000i\000s\000c\000h\000e\000\040\000E\000i\000n\000b\000e\000t\000t\000u\000n\000g}{section.2}% 3
\BOOKMARK [3][-]{subsubsection.2.1.1}{\376\377\000T\000e\000c\000h\000n\000o\000l\000o\000g\000y\000\040\000A\000c\000c\000e\000p\000t\000a\000n\000c\000e\000\040\000M\000o\000d\000e\000l\000\040\000\050\000D\000a\000v\000i\000s\000,\000\040\0001\0009\0008\0007\000\051}{subsection.2.1}% 4
\BOOKMARK [3][-]{subsubsection.2.1.2}{\376\377\000A\000r\000t\000i\000f\000i\000c\000i\000a\000l\000\040\000I\000n\000t\000e\000l\000l\000i\000g\000e\000n\000c\000e\000-\000T\000e\000c\000h\000n\000o\000l\000o\000g\000y\000\040\000A\000c\000c\000e\000p\000t\000a\000n\000c\000e\000\040\000M\000o\000d\000e\000l\000\040\000\050\000B\000a\000r\000o\000n\000i\000\040\000e\000t\000\040\000a\000l\000.\000,\000\040\0002\0000\0002\0002\000\051}{subsection.2.1}% 5
\BOOKMARK [3][-]{subsubsection.2.1.3}{\376\377\000F\000r\000a\000m\000i\000n\000g\000-\000E\000f\000f\000e\000k\000t}{subsection.2.1}% 6
\BOOKMARK [2][-]{subsection.2.2}{\376\377\000F\000o\000r\000s\000c\000h\000u\000n\000g\000s\000f\000r\000a\000g\000e}{section.2}% 7
\BOOKMARK [2][-]{subsection.2.3}{\376\377\000L\000a\000t\000e\000n\000t\000e\000\040\000K\000o\000n\000s\000t\000r\000u\000k\000t\000e}{section.2}% 8
\BOOKMARK [2][-]{subsection.2.4}{\376\377\000H\000y\000p\000o\000t\000h\000e\000s\000e\000n\000\374\000b\000e\000r\000s\000i\000c\000h\000t}{section.2}% 9
\BOOKMARK [3][-]{subsubsection.2.4.1}{\376\377\000A\000u\000s\000f\000o\000r\000m\000u\000l\000i\000e\000r\000t\000e\000\040\000H\000y\000p\000o\000t\000h\000e\000s\000e\000n}{subsection.2.4}% 10
\BOOKMARK [1][-]{section.3}{\376\377\000F\000o\000r\000s\000c\000h\000u\000n\000g\000s\000d\000e\000s\000i\000g\000n}{}% 11
\BOOKMARK [2][-]{subsection.3.1}{\376\377\000E\000x\000p\000e\000r\000i\000m\000e\000n\000t\000e\000l\000l\000e\000s\000\040\000D\000e\000s\000i\000g\000n}{section.3}% 12
\BOOKMARK [3][-]{subsubsection.3.1.1}{\376\377\000B\000e\000t\000w\000e\000e\000n\000-\000S\000u\000b\000j\000e\000c\000t\000\040\000D\000e\000s\000i\000g\000n}{subsection.3.1}% 13
\BOOKMARK [2][-]{subsection.3.2}{\376\377\000A\000b\000l\000a\000u\000f\000\040\000E\000x\000p\000e\000r\000i\000m\000e\000n\000t}{section.3}% 14
\BOOKMARK [3][-]{subsubsection.3.2.1}{\376\377\000P\000r\000e\000-\000I\000n\000t\000e\000r\000a\000k\000t\000i\000o\000n\000s\000p\000h\000a\000s\000e\000\040\000\253\000d\000i\000g\000i\000t\000a\000l\000e\000r\000\040\000A\000s\000s\000i\000s\000t\000e\000n\000t\000\273}{subsection.3.2}% 15
\BOOKMARK [3][-]{subsubsection.3.2.2}{\376\377\000I\000n\000t\000e\000r\000a\000k\000t\000i\000o\000n\000s\000p\000h\000a\000s\000e\000\040\000\253\000d\000i\000g\000i\000t\000a\000l\000e\000r\000\040\000A\000s\000s\000i\000s\000t\000e\000n\000t\000\273}{subsection.3.2}% 16
\BOOKMARK [3][-]{subsubsection.3.2.3}{\376\377\000P\000o\000s\000t\000-\000I\000n\000t\000e\000r\000a\000k\000t\000i\000o\000n\000s\000p\000h\000a\000s\000e\000\040\000\253\000d\000i\000g\000i\000t\000a\000l\000e\000r\000\040\000A\000s\000s\000i\000s\000t\000e\000n\000t\000\273}{subsection.3.2}% 17
\BOOKMARK [2][-]{subsection.3.3}{\376\377\000S\000t\000i\000m\000u\000l\000u\000s\000-\000K\000o\000n\000z\000e\000p\000t}{section.3}% 18
\BOOKMARK [3][-]{subsubsection.3.3.1}{\376\377\000K\000o\000n\000k\000r\000e\000t\000e\000\040\000S\000t\000i\000m\000u\000l\000u\000s\000-\000B\000e\000i\000s\000p\000i\000e\000l\000e}{subsection.3.3}% 19
\BOOKMARK [3][-]{subsubsection.3.3.2}{\376\377\000M\000a\000n\000i\000p\000u\000l\000a\000t\000i\000o\000n\000s\000c\000h\000e\000c\000k\000\040\000S\000t\000i\000m\000u\000l\000u\000s}{subsection.3.3}% 20
\BOOKMARK [2][-]{subsection.3.4}{\376\377\000M\000e\000t\000h\000o\000d\000e\000n\000t\000r\000i\000a\000n\000g\000u\000l\000a\000t\000i\000o\000n}{section.3}% 21
\BOOKMARK [3][-]{subsubsection.3.4.1}{\376\377\000O\000n\000l\000i\000n\000e\000-\000B\000e\000f\000r\000a\000g\000u\000n\000g\000\040\000a\000l\000s\000\040\000R\000a\000h\000m\000e\000n\000s\000t\000r\000u\000k\000t\000u\000r}{subsection.3.4}% 22
\BOOKMARK [3][-]{subsubsection.3.4.2}{\376\377\000V\000e\000r\000h\000a\000l\000t\000e\000n\000s\000b\000e\000o\000b\000a\000c\000h\000t\000u\000n\000g\000\040\000d\000u\000r\000c\000h\000\040\000S\000y\000s\000t\000e\000m\000-\000L\000o\000g\000g\000i\000n\000g}{subsection.3.4}% 23
\BOOKMARK [3][-]{subsubsection.3.4.3}{\376\377\000E\000x\000p\000e\000r\000i\000m\000e\000n\000t\000e\000l\000l\000e\000\040\000M\000a\000n\000i\000p\000u\000l\000a\000t\000i\000o\000n\000\040\000i\000m\000\040\000F\000e\000l\000d\000k\000o\000n\000t\000e\000x\000t}{subsection.3.4}% 24
\BOOKMARK [3][-]{subsubsection.3.4.4}{\376\377\000M\000e\000t\000h\000o\000d\000e\000n\000i\000n\000t\000e\000g\000r\000a\000t\000i\000o\000n}{subsection.3.4}% 25
\BOOKMARK [2][-]{subsection.3.5}{\376\377\000P\000r\000e\000t\000e\000s\000t\000-\000A\000n\000a\000l\000y\000s\000e}{section.3}% 26
\BOOKMARK [3][-]{subsubsection.3.5.1}{\376\377\000R\000e\000l\000i\000a\000b\000i\000l\000i\000t\000\344\000t\000s\000a\000n\000a\000l\000y\000s\000e\000\040\000\050\000C\000r\000o\000n\000b\000a\000c\000h\000'\000s\000\040\000A\000l\000p\000h\000a\000\051}{subsection.3.5}% 27
\BOOKMARK [3][-]{subsubsection.3.5.2}{\376\377\000M\000a\000n\000i\000p\000u\000l\000a\000t\000i\000o\000n\000s\000c\000h\000e\000c\000k\000\040\000\050\000t\000-\000t\000e\000s\000t\000\040\000u\000n\000a\000b\000h\000.\000\040\000S\000t\000i\000c\000h\000p\000r\000o\000b\000e\000n\000\051}{subsection.3.5}% 28
\BOOKMARK [2][-]{subsection.3.6}{\376\377\000H\000a\000u\000p\000t\000a\000n\000a\000l\000y\000s\000e\000:\000\040\000D\000e\000s\000k\000r\000i\000p\000t\000i\000v\000e\000\040\000S\000t\000a\000t\000i\000s\000t\000i\000k}{section.3}% 29
\BOOKMARK [3][-]{subsubsection.3.6.1}{\376\377\000S\000t\000i\000c\000h\000p\000r\000o\000b\000e\000n\000b\000e\000s\000c\000h\000r\000e\000i\000b\000u\000n\000g\000\040\000u\000n\000d\000\040\000G\000r\000u\000p\000p\000e\000n\000v\000e\000r\000g\000l\000e\000i\000c\000h\000b\000a\000r\000k\000e\000i\000t}{subsection.3.6}% 30
\BOOKMARK [3][-]{subsubsection.3.6.2}{\376\377\000S\000k\000a\000l\000e\000n\000e\000i\000g\000e\000n\000s\000c\000h\000a\000f\000t\000e\000n\000\040\000u\000n\000d\000\040\000V\000e\000r\000t\000e\000i\000l\000u\000n\000g\000s\000a\000n\000a\000l\000y\000s\000e\000n}{subsection.3.6}% 31
\BOOKMARK [3][-]{subsubsection.3.6.3}{\376\377\000M\000a\000n\000i\000p\000u\000l\000a\000t\000i\000o\000n\000s\000c\000h\000e\000c\000k}{subsection.3.6}% 32
\BOOKMARK [3][-]{subsubsection.3.6.4}{\376\377\000N\000u\000t\000z\000u\000n\000g\000s\000v\000e\000r\000h\000a\000l\000t\000e\000n\000\040\000u\000n\000d\000\040\000S\000y\000s\000t\000e\000m\000v\000a\000r\000i\000a\000b\000l\000e\000n}{subsection.3.6}% 33
\BOOKMARK [2][-]{subsection.3.7}{\376\377\000H\000a\000u\000p\000t\000a\000n\000a\000l\000y\000s\000e\000:\000\040\000S\000t\000r\000u\000k\000t\000u\000r\000g\000l\000e\000i\000c\000h\000u\000n\000g\000s\000m\000o\000d\000e\000l\000l\000i\000e\000r\000u\000n\000g\000\040\000\050\000S\000E\000M\000\051}{section.3}% 34
\BOOKMARK [3][-]{subsubsection.3.7.1}{\376\377\000P\000a\000r\000a\000m\000e\000t\000e\000r\000s\000c\000h\000\344\000t\000z\000u\000n\000g\000\040\000u\000n\000d\000\040\000M\000o\000d\000e\000l\000l\000-\000F\000i\000t}{subsection.3.7}% 35
\BOOKMARK [3][-]{subsubsection.3.7.2}{\376\377\000E\000v\000a\000l\000u\000a\000t\000i\000o\000n\000\040\000d\000e\000s\000\040\000M\000e\000s\000s\000m\000o\000d\000e\000l\000l\000s}{subsection.3.7}% 36
\BOOKMARK [3][-]{subsubsection.3.7.3}{\376\377\000S\000t\000r\000u\000k\000t\000u\000r\000m\000o\000d\000e\000l\000l\000\040\000u\000n\000d\000\040\000H\000y\000p\000o\000t\000h\000e\000s\000e\000n\000t\000e\000s\000t\000s}{subsection.3.7}% 37
\BOOKMARK [3][-]{subsubsection.3.7.4}{\376\377\000I\000n\000d\000i\000r\000e\000k\000t\000e\000\040\000E\000f\000f\000e\000k\000t\000e\000\040\000u\000n\000d\000\040\000M\000e\000d\000i\000a\000t\000i\000o\000n\000\040\000\050\000H\0009\000\051}{subsection.3.7}% 38
\BOOKMARK [3][-]{subsubsection.3.7.5}{\376\377\000K\000o\000n\000t\000r\000o\000l\000l\000e\000\040\000f\000\374\000r\000\040\000S\000t\000\366\000r\000v\000a\000r\000i\000a\000b\000l\000e\000n}{subsection.3.7}% 39
\BOOKMARK [2][-]{subsection.3.8}{\376\377\000A\000b\000g\000r\000e\000n\000z\000u\000n\000g\000\040\000d\000e\000s\000\040\000F\000o\000r\000s\000c\000h\000u\000n\000g\000s\000d\000e\000s\000i\000g\000n\000s}{section.3}% 40
\BOOKMARK [3][-]{subsubsection.3.8.1}{\376\377\000I\000n\000h\000a\000l\000t\000l\000i\000c\000h}{subsection.3.8}% 41
\BOOKMARK [3][-]{subsubsection.3.8.2}{\376\377\000M\000e\000t\000h\000o\000d\000i\000s\000c\000h}{subsection.3.8}% 42
\BOOKMARK [2][-]{subsection.3.9}{\376\377\000O\000p\000e\000r\000a\000t\000i\000o\000n\000a\000l\000i\000s\000i\000e\000r\000u\000n\000g\000\040\000K\000o\000n\000s\000t\000r\000u\000k\000t\000e}{section.3}% 43
\BOOKMARK [2][-]{subsection.3.10}{\376\377\000S\000t\000i\000c\000h\000p\000r\000o\000b\000e\000/\000F\000e\000l\000d\000z\000u\000g\000a\000n\000g}{section.3}% 44
\BOOKMARK [3][-]{subsubsection.3.10.1}{\376\377\000B\000e\000s\000c\000h\000r\000e\000i\000b\000u\000n\000g\000\040\000S\000t\000i\000c\000h\000p\000r\000o\000b\000e}{subsection.3.10}% 45
\BOOKMARK [3][-]{subsubsection.3.10.2}{\376\377\000R\000e\000k\000r\000u\000t\000i\000e\000r\000u\000n\000g\000\040\000S\000t\000i\000c\000h\000p\000r\000o\000b\000e}{subsection.3.10}% 46
\BOOKMARK [3][-]{subsubsection.3.10.3}{\376\377\000R\000e\000k\000r\000u\000t\000i\000e\000r\000u\000n\000g\000\040\000S\000t\000i\000c\000h\000p\000r\000o\000b\000e\000\040\000P\000r\000e\000-\000T\000e\000s\000t}{subsection.3.10}% 47
\BOOKMARK [3][-]{subsubsection.3.10.4}{\376\377\000P\000r\000e\000-\000T\000e\000s\000t\000:\000\040\000D\000u\000r\000c\000h\000f\000\374\000h\000r\000u\000n\000g\000\040\000u\000n\000d\000\040\000A\000n\000a\000l\000y\000s\000e}{subsection.3.10}% 48
\BOOKMARK [2][-]{subsection.3.11}{\376\377\000K\000r\000i\000t\000i\000s\000c\000h\000e\000\040\000F\000r\000a\000g\000e\000n\000\040\000u\000n\000d\000\040\000\334\000b\000e\000r\000l\000e\000g\000u\000n\000g\000e\000n}{section.3}% 49
\BOOKMARK [3][-]{subsubsection.3.11.1}{\376\377\000S\000t\000i\000m\000u\000l\000u\000s\000-\000D\000e\000s\000i\000g\000n}{subsection.3.11}% 50
\BOOKMARK [3][-]{subsubsection.3.11.2}{\376\377\000E\000x\000p\000e\000r\000i\000m\000e\000n\000t\000\040\000A\000b\000l\000a\000u\000f}{subsection.3.11}% 51
\BOOKMARK [3][-]{subsubsection.3.11.3}{\376\377\000P\000r\000e\000-\000T\000e\000s\000t}{subsection.3.11}% 52
