\BOOKMARK [1][-]{section*.1}{\376\377\000F\000o\000r\000s\000c\000h\000u\000n\000g\000s\000d\000e\000s\000i\000g\000n}{}% 1
\BOOKMARK [2][-]{section*.2}{\376\377\000E\000x\000p\000e\000r\000i\000m\000e\000n\000t\000e\000l\000l\000e\000s\000\040\000D\000e\000s\000i\000g\000n}{section*.1}% 2
\BOOKMARK [3][-]{section*.3}{\376\377\000B\000e\000t\000w\000e\000e\000n\000-\000S\000u\000b\000j\000e\000c\000t\000\040\000D\000e\000s\000i\000g\000n}{section*.2}% 3
\BOOKMARK [2][-]{section*.7}{\376\377\000A\000b\000l\000a\000u\000f\000\040\000E\000x\000p\000e\000r\000i\000m\000e\000n\000t}{section*.1}% 4
\BOOKMARK [3][-]{section*.8}{\376\377\000P\000r\000e\000-\000I\000n\000t\000e\000r\000a\000k\000t\000i\000o\000n\000s\000p\000h\000a\000s\000e\000\040\000\253\000d\000i\000g\000i\000t\000a\000l\000e\000r\000\040\000A\000s\000s\000i\000s\000t\000e\000n\000t\000\273}{section*.7}% 5
\BOOKMARK [3][-]{section*.9}{\376\377\000I\000n\000t\000e\000r\000a\000k\000t\000i\000o\000n\000s\000p\000h\000a\000s\000e\000\040\000\253\000d\000i\000g\000i\000t\000a\000l\000e\000r\000\040\000A\000s\000s\000i\000s\000t\000e\000n\000t\000\273}{section*.7}% 6
\BOOKMARK [3][-]{section*.10}{\376\377\000P\000o\000s\000t\000-\000I\000n\000t\000e\000r\000a\000k\000t\000i\000o\000n\000s\000p\000h\000a\000s\000e\000\040\000\253\000d\000i\000g\000i\000t\000a\000l\000e\000r\000\040\000A\000s\000s\000i\000s\000t\000e\000n\000t\000\273}{section*.7}% 7
\BOOKMARK [2][-]{section*.11}{\376\377\000S\000t\000i\000m\000u\000l\000u\000s\000-\000K\000o\000n\000z\000e\000p\000t}{section*.1}% 8
\BOOKMARK [3][-]{section*.12}{\376\377\000K\000o\000n\000k\000r\000e\000t\000e\000\040\000S\000t\000i\000m\000u\000l\000u\000s\000-\000B\000e\000i\000s\000p\000i\000e\000l\000e}{section*.11}% 9
\BOOKMARK [3][-]{section*.13}{\376\377\000M\000a\000n\000i\000p\000u\000l\000a\000t\000i\000o\000n\000s\000c\000h\000e\000c\000k\000\040\000S\000t\000i\000m\000u\000l\000u\000s}{section*.11}% 10
\BOOKMARK [2][-]{section*.14}{\376\377\000M\000e\000t\000h\000o\000d\000e\000n\000t\000r\000i\000a\000n\000g\000u\000l\000a\000t\000i\000o\000n}{section*.1}% 11
\BOOKMARK [3][-]{section*.15}{\376\377\000O\000n\000l\000i\000n\000e\000-\000B\000e\000f\000r\000a\000g\000u\000n\000g\000\040\000a\000l\000s\000\040\000R\000a\000h\000m\000e\000n\000s\000t\000r\000u\000k\000t\000u\000r}{section*.14}% 12
\BOOKMARK [3][-]{section*.16}{\376\377\000V\000e\000r\000h\000a\000l\000t\000e\000n\000s\000b\000e\000o\000b\000a\000c\000h\000t\000u\000n\000g\000\040\000d\000u\000r\000c\000h\000\040\000S\000y\000s\000t\000e\000m\000-\000L\000o\000g\000g\000i\000n\000g}{section*.14}% 13
\BOOKMARK [3][-]{section*.17}{\376\377\000E\000x\000p\000e\000r\000i\000m\000e\000n\000t\000e\000l\000l\000e\000\040\000M\000a\000n\000i\000p\000u\000l\000a\000t\000i\000o\000n\000\040\000i\000m\000\040\000F\000e\000l\000d\000k\000o\000n\000t\000e\000x\000t}{section*.14}% 14
\BOOKMARK [3][-]{section*.18}{\376\377\000M\000e\000t\000h\000o\000d\000e\000n\000i\000n\000t\000e\000g\000r\000a\000t\000i\000o\000n}{section*.14}% 15
\BOOKMARK [2][-]{section*.19}{\376\377\000P\000r\000e\000t\000e\000s\000t\000-\000A\000n\000a\000l\000y\000s\000e}{section*.1}% 16
\BOOKMARK [3][-]{section*.20}{\376\377\000R\000e\000l\000i\000a\000b\000i\000l\000i\000t\000\344\000t\000s\000a\000n\000a\000l\000y\000s\000e\000\040\000\050\000C\000r\000o\000n\000b\000a\000c\000h\000'\000s\000\040\000A\000l\000p\000h\000a\000\051}{section*.19}% 17
\BOOKMARK [3][-]{section*.21}{\376\377\000M\000a\000n\000i\000p\000u\000l\000a\000t\000i\000o\000n\000s\000c\000h\000e\000c\000k\000\040\000\050\000t\000-\000t\000e\000s\000t\000\040\000u\000n\000a\000b\000h\000.\000\040\000S\000t\000i\000c\000h\000p\000r\000o\000b\000e\000n\000\051}{section*.19}% 18
\BOOKMARK [2][-]{section*.22}{\376\377\000H\000a\000u\000p\000t\000a\000n\000a\000l\000y\000s\000e\000:\000\040\000D\000e\000s\000k\000r\000i\000p\000t\000i\000v\000e\000\040\000S\000t\000a\000t\000i\000s\000t\000i\000k}{section*.1}% 19
\BOOKMARK [3][-]{section*.23}{\376\377\000S\000t\000i\000c\000h\000p\000r\000o\000b\000e\000n\000b\000e\000s\000c\000h\000r\000e\000i\000b\000u\000n\000g\000\040\000u\000n\000d\000\040\000G\000r\000u\000p\000p\000e\000n\000v\000e\000r\000g\000l\000e\000i\000c\000h\000b\000a\000r\000k\000e\000i\000t}{section*.22}% 20
\BOOKMARK [3][-]{section*.24}{\376\377\000S\000k\000a\000l\000e\000n\000e\000i\000g\000e\000n\000s\000c\000h\000a\000f\000t\000e\000n\000\040\000u\000n\000d\000\040\000V\000e\000r\000t\000e\000i\000l\000u\000n\000g\000s\000a\000n\000a\000l\000y\000s\000e\000n}{section*.22}% 21
\BOOKMARK [3][-]{section*.25}{\376\377\000M\000a\000n\000i\000p\000u\000l\000a\000t\000i\000o\000n\000s\000c\000h\000e\000c\000k}{section*.22}% 22
\BOOKMARK [3][-]{section*.26}{\376\377\000N\000u\000t\000z\000u\000n\000g\000s\000v\000e\000r\000h\000a\000l\000t\000e\000n\000\040\000u\000n\000d\000\040\000S\000y\000s\000t\000e\000m\000v\000a\000r\000i\000a\000b\000l\000e\000n}{section*.22}% 23
\BOOKMARK [2][-]{section*.27}{\376\377\000H\000a\000u\000p\000t\000a\000n\000a\000l\000y\000s\000e\000:\000\040\000S\000t\000r\000u\000k\000t\000u\000r\000g\000l\000e\000i\000c\000h\000u\000n\000g\000s\000m\000o\000d\000e\000l\000l\000i\000e\000r\000u\000n\000g\000\040\000\050\000S\000E\000M\000\051}{section*.1}% 24
\BOOKMARK [3][-]{section*.28}{\376\377\000P\000a\000r\000a\000m\000e\000t\000e\000r\000s\000c\000h\000\344\000t\000z\000u\000n\000g\000\040\000u\000n\000d\000\040\000M\000o\000d\000e\000l\000l\000-\000F\000i\000t}{section*.27}% 25
\BOOKMARK [3][-]{section*.29}{\376\377\000E\000v\000a\000l\000u\000a\000t\000i\000o\000n\000\040\000d\000e\000s\000\040\000M\000e\000s\000s\000m\000o\000d\000e\000l\000l\000s}{section*.27}% 26
\BOOKMARK [3][-]{section*.30}{\376\377\000S\000t\000r\000u\000k\000t\000u\000r\000m\000o\000d\000e\000l\000l\000\040\000u\000n\000d\000\040\000H\000y\000p\000o\000t\000h\000e\000s\000e\000n\000t\000e\000s\000t\000s}{section*.27}% 27
\BOOKMARK [3][-]{section*.31}{\376\377\000I\000n\000d\000i\000r\000e\000k\000t\000e\000\040\000E\000f\000f\000e\000k\000t\000e\000\040\000u\000n\000d\000\040\000M\000e\000d\000i\000a\000t\000i\000o\000n\000\040\000\050\000H\0009\000\051}{section*.27}% 28
\BOOKMARK [3][-]{section*.32}{\376\377\000K\000o\000n\000t\000r\000o\000l\000l\000e\000\040\000f\000\374\000r\000\040\000S\000t\000\366\000r\000v\000a\000r\000i\000a\000b\000l\000e\000n}{section*.27}% 29
\BOOKMARK [2][-]{section*.33}{\376\377\000A\000b\000g\000r\000e\000n\000z\000u\000n\000g\000\040\000d\000e\000s\000\040\000F\000o\000r\000s\000c\000h\000u\000n\000g\000s\000d\000e\000s\000i\000g\000n\000s}{section*.1}% 30
\BOOKMARK [3][-]{section*.34}{\376\377\000I\000n\000h\000a\000l\000t\000l\000i\000c\000h}{section*.33}% 31
\BOOKMARK [3][-]{section*.35}{\376\377\000M\000e\000t\000h\000o\000d\000i\000s\000c\000h}{section*.33}% 32
\BOOKMARK [2][-]{section*.36}{\376\377\000O\000p\000e\000r\000a\000t\000i\000o\000n\000a\000l\000i\000s\000i\000e\000r\000u\000n\000g\000\040\000K\000o\000n\000s\000t\000r\000u\000k\000t\000e}{section*.1}% 33
\BOOKMARK [2][-]{section*.37}{\376\377\000S\000t\000i\000c\000h\000p\000r\000o\000b\000e\000/\000F\000e\000l\000d\000z\000u\000g\000a\000n\000g}{section*.1}% 34
\BOOKMARK [3][-]{section*.38}{\376\377\000B\000e\000s\000c\000h\000r\000e\000i\000b\000u\000n\000g\000\040\000S\000t\000i\000c\000h\000p\000r\000o\000b\000e}{section*.37}% 35
\BOOKMARK [3][-]{section*.39}{\376\377\000R\000e\000k\000r\000u\000t\000i\000e\000r\000u\000n\000g\000\040\000S\000t\000i\000c\000h\000p\000r\000o\000b\000e}{section*.37}% 36
\BOOKMARK [3][-]{section*.40}{\376\377\000R\000e\000k\000r\000u\000t\000i\000e\000r\000u\000n\000g\000\040\000S\000t\000i\000c\000h\000p\000r\000o\000b\000e\000\040\000P\000r\000e\000-\000T\000e\000s\000t}{section*.37}% 37
\BOOKMARK [3][-]{section*.41}{\376\377\000P\000r\000e\000-\000T\000e\000s\000t\000:\000\040\000D\000u\000r\000c\000h\000f\000\374\000h\000r\000u\000n\000g\000\040\000u\000n\000d\000\040\000A\000n\000a\000l\000y\000s\000e}{section*.37}% 38
\BOOKMARK [2][-]{section*.42}{\376\377\000K\000r\000i\000t\000i\000s\000c\000h\000e\000\040\000F\000r\000a\000g\000e\000n\000\040\000u\000n\000d\000\040\000\334\000b\000e\000r\000l\000e\000g\000u\000n\000g\000e\000n}{section*.1}% 39
\BOOKMARK [3][-]{section*.43}{\376\377\000S\000t\000i\000m\000u\000l\000u\000s\000-\000D\000e\000s\000i\000g\000n}{section*.42}% 40
\BOOKMARK [3][-]{section*.44}{\376\377\000E\000x\000p\000e\000r\000i\000m\000e\000n\000t\000\040\000A\000b\000l\000a\000u\000f}{section*.42}% 41
\BOOKMARK [3][-]{section*.45}{\376\377\000P\000r\000e\000-\000T\000e\000s\000t}{section*.42}% 42
